[debug] > Exec(early(addDefaultCommands), None, None)
[debug] > Exec(addDefaultCommands, None, None)
[debug] > Exec(early(initialize), None, None)
[debug] > Exec(initialize, None, None)
[debug] > Exec(boot, None, None)
[debug] > Exec(writeSbtVersion, None, None)
[debug] > Exec(reload, None, None)
[debug] > Exec(sbtStashOnFailure, None, None)
[debug] > Exec(onFailure loadFailed, None, None)
[debug] > Exec(loadp, None, None)
[info] welcome to sbt 1.4.6 (Private Build Java 1.8.0_275)
[debug] Load.defaultLoad until apply took 336.224659ms
[debug]                 Load.loadUnit: plugins took 62.462879ms
[debug]                 Load.loadUnit: defsScala took 0.328489ms
[debug] [Loading] Scanning directory /home/masa/Desktop/tossaway_projects/scala_spark/project/project
[debug]                   Load.loadUnit: mkEval took 7.994362ms
[debug] [Loading] Found non-root projects 
[debug] [Loading] Done in /home/masa/Desktop/tossaway_projects/scala_spark/project/project, returning: ()
[debug] deducing auto plugins based on known facts Set(Atom(sbt.plugins.CorePlugin)) and clauses Clauses(List(Clause(Atom(sbt.plugins.JvmPlugin),Set(Atom(sbt.plugins.IvyPlugin))), Clause(Atom(sbt.ScriptedPlugin),Set(Atom(sbt.plugins.JvmPlugin))), Clause(Atom(sbt.plugins.SbtPlugin),Set(Atom(sbt.ScriptedPlugin))), Clause(Atom(sbt.plugins.SemanticdbPlugin),Set(Atom(sbt.plugins.JvmPlugin))), Clause(Atom(sbt.plugins.JUnitXmlReportPlugin),Set(Atom(sbt.plugins.JvmPlugin))), Clause(Atom(sbt.plugins.MiniDependencyTreePlugin),Set(Atom(sbt.plugins.JvmPlugin))), Clause(Atom(sbt.plugins.CorePlugin),Set(Atom(sbt.plugins.IvyPlugin))), Clause(Atom(sbt.plugins.IvyPlugin),Set(Atom(sbt.plugins.JvmPlugin))), Clause(Atom(sbt.plugins.JvmPlugin),Set(Atom(sbt.plugins.SemanticdbPlugin))), Clause(Atom(sbt.plugins.JvmPlugin),Set(Atom(sbt.plugins.JUnitXmlReportPlugin))), Clause(Atom(sbt.plugins.CorePlugin),Set(Atom(sbt.plugins.Giter8TemplatePlugin))), Clause(Atom(sbt.plugins.JvmPlugin),Set(Atom(sbt.plugins.MiniDependencyTreePlugin)))))
[debug]   :: deduced result: Matched(sbt.plugins.CorePlugin,sbt.plugins.Giter8TemplatePlugin,sbt.plugins.IvyPlugin,sbt.plugins.JvmPlugin,sbt.plugins.MiniDependencyTreePlugin,sbt.plugins.JUnitXmlReportPlugin,sbt.plugins.SemanticdbPlugin)
[debug] Plugins.deducer#function took 19.911558 ms
[info] loading settings for project scala_spark-build-build from metals.sbt ...
[debug]                     Load.resolveProject(scala_spark-build-build) took 46.113221ms
[debug]                   Load.loadTransitive: finalizeProject(Project(id scala_spark-build-build, base: /home/masa/Desktop/tossaway_projects/scala_spark/project/project, plugins: List(<none>))) took 74.66644ms
[debug] [Loading] Done in /home/masa/Desktop/tossaway_projects/scala_spark/project/project, returning: (scala_spark-build-build)
[debug]                 Load.loadUnit: loadedProjectsRaw took 1853.948371ms
[debug]                 Load.loadUnit: cleanEvalClasses took 6.852342ms
[debug]               Load.loadUnit(file:/home/masa/Desktop/tossaway_projects/scala_spark/project/project/, ...) took 1929.332517ms
[debug]             Load.apply: load took 2075.214774ms
[debug]             Load.apply: resolveProjects took 5.051734ms
[debug]             Load.apply: finalTransforms took 52.950665ms
[debug]             Load.apply: config.delegates took 6.283774ms
[debug]             Load.apply: Def.make(settings)... took 440.577088ms
[debug]             Load.apply: structureIndex took 90.234708ms
[debug]             Load.apply: mkStreams took 2.095821ms
[info] loading project definition from /home/masa/Desktop/tossaway_projects/scala_spark/project/project
[debug] Running task... Cancel: Signal, check cycles: false, forcegc: true
[debug]           Load.loadUnit: plugins took 6400.980301ms
[debug]           Load.loadUnit: defsScala took 0.003078ms
[debug] [Loading] Scanning directory /home/masa/Desktop/tossaway_projects/scala_spark/project
[debug]             Load.loadUnit: mkEval took 0.147206ms
