[0m[[0m[0mdebug[0m] [0m[0m> Exec(run, Some(a084c717-61b6-40c1-887e-12b0867acb96), Some(CommandSource(console0)))[0m
[0m[[0m[0mdebug[0m] [0m[0mEvaluating tasks: Compile / run[0m
[0m[[0m[0mdebug[0m] [0m[0mRunning task... Cancel: Signal, check cycles: false, forcegc: true[0m
[0m[[0m[0minfo[0m] [0m[0mUpdating [0m
[0m[[0m[0minfo[0m] [0m[0mResolved  dependencies[0m
[0m[[0m[0minfo[0m] [0m[0mUpdating [0m
[0m[[0m[0minfo[0m] [0m[0mResolved  dependencies[0m
[0m[[0m[0minfo[0m] [0m[0mFetching artifacts of [0m
[0m[[0m[0minfo[0m] [0m[0mFetched artifacts of [0m
[0m[[0m[33mwarn[0m] [0m[0mThere may be incompatibilities among your library dependencies; run 'evicted' to see detailed eviction warnings.[0m
[0m[[0m[0minfo[0m] [0m[0mcompiling 1 Scala source to /home/masa/Desktop/tossaway_projects/scala_spark/target/scala-2.10/classes ...[0m
[0m[[0m[0minfo[0m] [0m[0mNon-compiled module 'compiler-bridge_2.10' for Scala 2.10.4. Compiling...[0m
[0m[[0m[0minfo[0m] [0m[0m  Compilation completed in 7.412s.[0m
[0m[[0m[31merror[0m] [0m[0m/home/masa/Desktop/tossaway_projects/scala_spark/src/main/scala/sparkApp.scala:2:25: object sql is not a member of package org.apache.spark[0m
[0m[[0m[31merror[0m] [0m[0mimport org.apache.spark.sql.SparkSession[0m
[0m[[0m[31merror[0m] [0m[0m                        ^[0m
[0m[[0m[31merror[0m] [0m[0m/home/masa/Desktop/tossaway_projects/scala_spark/src/main/scala/sparkApp.scala:6:21: not found: value SparkSession[0m
[0m[[0m[31merror[0m] [0m[0m        val spark = SparkSession.builder.master("local[2]").appName("Simple Application").getOrCreate()[0m
[0m[[0m[31merror[0m] [0m[0m                    ^[0m
[0m[[0m[31merror[0m] [0m[0mtwo errors found[0m
[0m[[0m[31merror[0m] [0m[0m(Compile / [31mcompileIncremental[0m) Compilation failed[0m
[0m[[0m[31merror[0m] [0m[0mTotal time: 22 s, completed Jan 8, 2021 11:56:46 PM[0m
[0m[[0m[0mdebug[0m] [0m[0m> Exec(shell, None, None)[0m
[0m[[0m[0minfo[0m] [0m[0mshutting down sbt server[0m
