2021.01.08 23:57:05 INFO  Started: Metals version 0.9.8 in workspace '/home/masa/Desktop/tossaway_projects/scala_spark' for client vscode.
2021.01.08 23:57:06 INFO  time: initialize in 0.42s
2021.01.08 23:57:07 INFO  Attempting to connect to the build server...
Starting the bsp launcher for bloop...
Opening a bsp server connection with 'bsp --protocol local --socket /tmp/bsp-launcher4452657086694172644/bsp.socket'...
Waiting for the bsp connection to come up...
2021.01.08 23:57:07 WARN  no build target for: /home/masa/Desktop/tossaway_projects/scala_spark/build.sbt
Waiting for the bsp connection to come up...
2021.01.08 23:57:08 INFO  no build target: using presentation compiler with only scala-library
Jan 08, 2021 11:57:09 PM org.eclipse.lsp4j.jsonrpc.RemoteEndpoint handleCancellation
WARNING: Unmatched cancel notification for request id 7
Waiting for the bsp connection to come up...
Waiting for the bsp connection to come up...
Waiting for the bsp connection to come up...
Waiting for the bsp connection to come up...
Waiting for the bsp connection to come up...
Waiting for the bsp connection to come up...
Waiting for the bsp connection to come up...
Waiting for the bsp connection to come up...
Waiting for the bsp connection to come up...
2021.01.08 23:57:17 WARN  no build target for: /home/masa/Desktop/tossaway_projects/scala_spark/build.sbt
Waiting for the bsp connection to come up...
Waiting for the bsp connection to come up...
Waiting for the bsp connection to come up...
No server running at 127.0.0.1:8212, let's fire one...
Resolving ch.epfl.scala:bloop-frontend_2.12:1.4.6-15-209c2a5c...
Starting bloop server at 127.0.0.1:8212...
Attempting a connection to the server...
Attempting a connection to the server...
Attempting a connection to the server...
Attempting a connection to the server...
[0m[32m[D][0m Waiting for a connection at local:///tmp/bsp-launcher4452657086694172644/bsp.socket...
The server is listening for incoming connections at local:///tmp/bsp-launcher4452657086694172644/bsp.socket...
Starting thread that pumps stdin and redirects it to the bsp server...
Starting thread that pumps server stdout and redirects it to the client stdout...
2021.01.08 23:57:21 INFO  tracing is disabled for protocol BSP, to enable tracing of incoming and outgoing JSON messages create an empty file at /home/masa/.cache/metals/bsp.trace.json
2021.01.08 23:57:21 INFO  time: connected to build server in 14s
2021.01.08 23:57:21 INFO  Connected to Build server v1.4.6-15-209c2a5c
2021.01.08 23:57:21 ERROR Empty build targets. Expected at least one build target identifier.
2021.01.08 23:57:21 ERROR Empty build targets. Expected at least one build target identifier.
2021.01.08 23:57:21 ERROR Empty build targets. Expected at least one build target identifier.
2021.01.08 23:57:21 WARN  Could not find java sources in None. Java symbols will not be available.
2021.01.08 23:57:21 INFO  time: indexed workspace in 0.28s
2021.01.08 23:57:21 WARN  no build target for: /home/masa/Desktop/tossaway_projects/scala_spark/build.sbt
2021.01.08 23:57:26 INFO  running '/usr/lib/jvm/java-8-openjdk-amd64/bin/java -Djline.terminal=jline.UnsupportedTerminal -Dsbt.log.noformat=true -Dfile.encoding=UTF-8 -jar /tmp/metals8152712429772774937/sbt-launch.jar -Dbloop.export-jar-classifiers=sources bloopInstall'
2021.01.08 23:57:26 WARN  no build target for: /home/masa/Desktop/tossaway_projects/scala_spark/project/metals.sbt
2021.01.08 23:57:26 WARN  no build target for: /home/masa/Desktop/tossaway_projects/scala_spark/project/project/metals.sbt
2021.01.08 23:57:26 INFO  skipping build import with status 'Dismissed'
2021.01.08 23:57:27 INFO  [info] welcome to sbt 1.4.6 (Private Build Java 1.8.0_275)
2021.01.08 23:57:30 INFO  [info] loading settings for project scala_spark-build-build from metals.sbt ...
2021.01.08 23:57:30 INFO  [info] loading project definition from /home/masa/Desktop/tossaway_projects/scala_spark/project/project
2021.01.08 23:57:34 INFO  user cancelled sbt bloopInstall
2021.01.08 23:57:34 INFO  time: ran 'sbt bloopInstall' in 8.33s
2021.01.08 23:57:35 INFO  sbt bloopInstall exit: 143
2021.01.08 23:57:46 WARN  no build target for: /home/masa/Desktop/tossaway_projects/scala_spark/build.sbt
2021.01.08 23:57:46 WARN  Skipping build import, no checksum.
2021.01.08 23:57:50 WARN  no build target for: /home/masa/Desktop/tossaway_projects/scala_spark/src/main/scala/sparkApp.scala
2021.01.08 23:57:55 WARN  no build target for: /home/masa/Desktop/tossaway_projects/scala_spark/src/main/scala/sparkApp.scala
2021.01.08 23:59:25 WARN  no build target for: /home/masa/Desktop/tossaway_projects/scala_spark/build.sbt
2021.01.09 00:00:59 INFO  shutting down Metals
2021.01.09 00:00:59 INFO  Shut down connection with build server.
No more data in the client stdin, exiting...
